2025-09-03 18:14:42,501 [INFO] root: ----------------------------ETL Started-----------------------------------------
2025-09-03 18:14:42,504 [INFO] luigi: logging configured by default settings
2025-09-03 18:14:42,525 [DEBUG] luigi-interface: Checking if ExtractData() is complete
2025-09-03 18:14:42,526 [INFO] luigi-interface: Informed scheduler that task   ExtractData__99914b932b   has status   PENDING
2025-09-03 18:14:42,527 [INFO] luigi-interface: Done scheduling tasks
2025-09-03 18:14:42,527 [INFO] luigi-interface: Running Worker with 1 processes
2025-09-03 18:14:42,527 [DEBUG] luigi-interface: Asking scheduler for work...
2025-09-03 18:14:42,528 [DEBUG] luigi-interface: Pending tasks: 1
2025-09-03 18:14:42,528 [INFO] luigi-interface: [pid 19904] Worker Worker(salt=2141828197, workers=1, host=DESKTOP-IT3BH6B, username=Naila, pid=19904) running   ExtractData()
2025-09-03 18:14:42,529 [INFO] root: ----------------------------------Start Extracting Data Sales--------------------------------------------------------
2025-09-03 18:14:42,615 [ERROR] root: \u274c Error pada proses extract
2025-09-03 18:14:42,615 [INFO] root: ----------------------------------Start Extracting Data Marketing--------------------------------------------------------
2025-09-03 18:14:43,684 [INFO] root: \u2705 Data marketing berhasil di extract
2025-09-03 18:14:43,685 [INFO] root: ----------------------------------Start Extracting Data Books--------------------------------------------------------
2025-09-03 18:14:43,699 [INFO] root: \u2705 Data books berhasil di extract
2025-09-03 18:14:43,700 [INFO] root: -------------------------------------Start extract Data to CSV (Sales)--------------------------------------------------
2025-09-03 18:14:43,700 [ERROR] root: \u274c Error extracting sales data: cannot access local variable 'df_sales' where it is not associated with a value
2025-09-03 18:14:43,701 [INFO] root: -------------------------------------Start extract Data to CSV (Marketing)--------------------------------------------------
2025-09-03 18:14:46,541 [INFO] root: \u2705 Data Marketing Successfully Extracted
2025-09-03 18:14:46,541 [INFO] root: -------------------------------------Start extract Data to CSV (Books)--------------------------------------------------
2025-09-03 18:14:46,554 [INFO] root: \u2705 Data Books Successfully Extracted
2025-09-03 18:14:46,556 [INFO] luigi-interface: [pid 19904] Worker Worker(salt=2141828197, workers=1, host=DESKTOP-IT3BH6B, username=Naila, pid=19904) done      ExtractData()
2025-09-03 18:14:46,558 [DEBUG] luigi-interface: 1 running tasks, waiting for next task to finish
2025-09-03 18:14:46,559 [INFO] luigi-interface: Informed scheduler that task   ExtractData__99914b932b   has status   DONE
2025-09-03 18:14:46,559 [DEBUG] luigi-interface: Asking scheduler for work...
2025-09-03 18:14:46,560 [DEBUG] luigi-interface: Done
2025-09-03 18:14:46,560 [DEBUG] luigi-interface: There are no more tasks to run at this time
2025-09-03 18:14:46,560 [INFO] luigi-interface: Worker Worker(salt=2141828197, workers=1, host=DESKTOP-IT3BH6B, username=Naila, pid=19904) was stopped. Shutting down Keep-Alive thread
2025-09-03 18:14:46,563 [INFO] luigi-interface: 
===== Luigi Execution Summary =====

Scheduled 1 tasks of which:
* 1 ran successfully:
    - 1 ExtractData()

This progress looks :) because there were no failed tasks or missing dependencies

===== Luigi Execution Summary =====

